C:\Users\paulos\Documents\Visual Studio 2010\Projects\RMOE_Thesis_Resources\MwareInterface\Debug\cl.command.1.tlog
C:\Users\paulos\Documents\Visual Studio 2010\Projects\RMOE_Thesis_Resources\MwareInterface\Debug\CL.read.1.tlog
C:\Users\paulos\Documents\Visual Studio 2010\Projects\RMOE_Thesis_Resources\MwareInterface\Debug\CL.write.1.tlog
C:\Users\paulos\Documents\Visual Studio 2010\Projects\RMOE_Thesis_Resources\MwareInterface\Debug\link.3144.read.1.tlog
C:\Users\paulos\Documents\Visual Studio 2010\Projects\RMOE_Thesis_Resources\MwareInterface\Debug\link.3144.write.1.tlog
C:\Users\paulos\Documents\Visual Studio 2010\Projects\RMOE_Thesis_Resources\MwareInterface\Debug\link.3144-cvtres.read.1.tlog
C:\Users\paulos\Documents\Visual Studio 2010\Projects\RMOE_Thesis_Resources\MwareInterface\Debug\link.3144-cvtres.write.1.tlog
C:\Users\paulos\Documents\Visual Studio 2010\Projects\RMOE_Thesis_Resources\MwareInterface\Debug\link.command.1.tlog
C:\Users\paulos\Documents\Visual Studio 2010\Projects\RMOE_Thesis_Resources\MwareInterface\Debug\link.read.1.tlog
C:\Users\paulos\Documents\Visual Studio 2010\Projects\RMOE_Thesis_Resources\MwareInterface\Debug\link.write.1.tlog
C:\Users\paulos\Documents\Visual Studio 2010\Projects\RMOE_Thesis_Resources\MwareInterface\Debug\link-cvtres.read.1.tlog
C:\Users\paulos\Documents\Visual Studio 2010\Projects\RMOE_Thesis_Resources\MwareInterface\Debug\link-cvtres.write.1.tlog
C:\Users\paulos\Documents\Visual Studio 2010\Projects\RMOE_Thesis_Resources\MwareInterface\Debug\mt.command.1.tlog
C:\Users\paulos\Documents\Visual Studio 2010\Projects\RMOE_Thesis_Resources\MwareInterface\Debug\mt.read.1.tlog
C:\Users\paulos\Documents\Visual Studio 2010\Projects\RMOE_Thesis_Resources\MwareInterface\Debug\mt.write.1.tlog
C:\USERS\PAULOS\DOCUMENTS\VISUAL STUDIO 2010\PROJECTS\RMOE_THESIS_RESOURCES\MWAREINTERFACE\DEBUG\MWAREINTERFACE.DLL
C:\USERS\PAULOS\DOCUMENTS\VISUAL STUDIO 2010\PROJECTS\RMOE_THESIS_RESOURCES\MWAREINTERFACE\DEBUG\MWAREINTERFACE.DLL.EMBED.MANIFEST
C:\USERS\PAULOS\DOCUMENTS\VISUAL STUDIO 2010\PROJECTS\RMOE_THESIS_RESOURCES\MWAREINTERFACE\DEBUG\MWAREINTERFACE.DLL.EMBED.MANIFEST.RES
C:\USERS\PAULOS\DOCUMENTS\VISUAL STUDIO 2010\PROJECTS\RMOE_THESIS_RESOURCES\MWAREINTERFACE\DEBUG\MWAREINTERFACE.DLL.INTERMEDIATE.MANIFEST
C:\Users\paulos\Documents\Visual Studio 2010\Projects\RMOE_Thesis_Resources\MwareInterface\Debug\MwareInterface.exp
C:\USERS\PAULOS\DOCUMENTS\VISUAL STUDIO 2010\PROJECTS\RMOE_THESIS_RESOURCES\MWAREINTERFACE\DEBUG\MWAREINTERFACE.ILK
C:\Users\paulos\Documents\Visual Studio 2010\Projects\RMOE_Thesis_Resources\MwareInterface\Debug\MwareInterface.lib
C:\USERS\PAULOS\DOCUMENTS\VISUAL STUDIO 2010\PROJECTS\RMOE_THESIS_RESOURCES\MWAREINTERFACE\DEBUG\MWAREINTERFACE.OBJ
C:\USERS\PAULOS\DOCUMENTS\VISUAL STUDIO 2010\PROJECTS\RMOE_THESIS_RESOURCES\MWAREINTERFACE\DEBUG\MWAREINTERFACE.PDB
C:\Users\paulos\Documents\Visual Studio 2010\Projects\RMOE_Thesis_Resources\MwareInterface\Debug\MwareInterface.write.1.tlog
C:\Users\paulos\Documents\Visual Studio 2010\Projects\RMOE_Thesis_Resources\MwareInterface\Debug\MwareInterface_manifest.rc
C:\Users\paulos\Documents\Visual Studio 2010\Projects\RMOE_Thesis_Resources\MwareInterface\Debug\rc.command.1.tlog
C:\Users\paulos\Documents\Visual Studio 2010\Projects\RMOE_Thesis_Resources\MwareInterface\Debug\rc.read.1.tlog
C:\Users\paulos\Documents\Visual Studio 2010\Projects\RMOE_Thesis_Resources\MwareInterface\Debug\rc.write.1.tlog
C:\Users\paulos\Documents\Visual Studio 2010\Projects\RMOE_Thesis_Resources\MwareInterface\Debug\vc100.idb
C:\USERS\PAULOS\DOCUMENTS\VISUAL STUDIO 2010\PROJECTS\RMOE_THESIS_RESOURCES\MWAREINTERFACE\DEBUG\VC100.PDB
