Build started 6/12/2013 1:33:19 PM.
     1>Project "C:\Users\paulos\Documents\Visual Studio 2010\Projects\RMOE_Thesis_Resources\MwareInterface\MwareInterface.vcxproj" on node 2 (rebuild target(s)).
     1>_PrepareForClean:
         Deleting file "Debug\MwareInterface.lastbuildstate".
       InitializeBuildStatus:
         Creating "Debug\MwareInterface.unsuccessfulbuild" because "AlwaysCreate" was specified.
       ClCompile:
         C:\Program Files (x86)\Microsoft Visual Studio 10.0\VC\bin\CL.exe /c /I"C:\Program Files (x86)\OpenNI2\Include\\" /I"C:\Program Files (x86)\PrimeSense\NiTE2\Include\\" /I"D:\final year Project\Copmuter Vision 2nd Seminster\opencv\build\include" /I"C:\Program Files (x86)\OpenNI2\Include\\" /I"C:\Program Files (x86)\PrimeSense\NiTE2\Include\\" /I"D:\final year Project\Copmuter Vision 2nd Seminster\opencv\build\include" /I"C:\Program Files (x86)\OpenNI2\Include\\" /I"C:\Program Files (x86)\PrimeSense\NiTE2\Include\\" /ZI /nologo /W3 /WX- /Od /Oy- /D WIN32 /D _DEBUG /D _WINDOWS /D _USRDLL /D MWAREINTERFACE_EXPORTS /D _WINDLL /D _UNICODE /D UNICODE /Gm /EHsc /RTC1 /MDd /GS /fp:precise /Zc:wchar_t /Zc:forScope /Fo"Debug\\" /Fd"Debug\vc100.pdb" /Gd /TP /analyze- /errorReport:prompt MwareInterface.cpp
         MwareInterface.cpp
     1>c:\users\paulos\documents\visual studio 2010\projects\rmoe_thesis_resources\mwareinterface\mwareinterface.cpp(235): warning C4244: 'argument' : conversion from 'float' to 'int', possible loss of data
     1>c:\users\paulos\documents\visual studio 2010\projects\rmoe_thesis_resources\mwareinterface\mwareinterface.cpp(235): warning C4244: 'argument' : conversion from 'float' to 'int', possible loss of data
     1>c:\users\paulos\documents\visual studio 2010\projects\rmoe_thesis_resources\mwareinterface\mwareinterface.cpp(256): warning C4244: 'argument' : conversion from 'float' to 'int', possible loss of data
     1>c:\users\paulos\documents\visual studio 2010\projects\rmoe_thesis_resources\mwareinterface\mwareinterface.cpp(256): warning C4244: 'argument' : conversion from 'float' to 'int', possible loss of data
     1>c:\users\paulos\documents\visual studio 2010\projects\rmoe_thesis_resources\mwareinterface\mwareinterface.cpp(169): warning C4101: 'conf' : unreferenced local variable
     1>c:\users\paulos\documents\visual studio 2010\projects\rmoe_thesis_resources\mwareinterface\mwareinterface.cpp(405): warning C4244: 'argument' : conversion from 'const float' to 'int', possible loss of data
     1>c:\users\paulos\documents\visual studio 2010\projects\rmoe_thesis_resources\mwareinterface\mwareinterface.cpp(405): warning C4244: 'argument' : conversion from 'const float' to 'int', possible loss of data
     1>c:\users\paulos\documents\visual studio 2010\projects\rmoe_thesis_resources\mwareinterface\mwareinterface.cpp(457): warning C4018: '<' : signed/unsigned mismatch
     1>c:\users\paulos\documents\visual studio 2010\projects\rmoe_thesis_resources\mwareinterface\mwareinterface.cpp(465): warning C4018: '<' : signed/unsigned mismatch
     1>c:\users\paulos\documents\visual studio 2010\projects\rmoe_thesis_resources\mwareinterface\mwareinterface.cpp(473): warning C4244: 'initializing' : conversion from 'double' to 'float', possible loss of data
     1>c:\users\paulos\documents\visual studio 2010\projects\rmoe_thesis_resources\mwareinterface\mwareinterface.cpp(490): warning C4244: 'argument' : conversion from 'float' to 'int', possible loss of data
     1>c:\users\paulos\documents\visual studio 2010\projects\rmoe_thesis_resources\mwareinterface\mwareinterface.cpp(490): warning C4244: 'argument' : conversion from 'float' to 'int', possible loss of data
     1>c:\users\paulos\documents\visual studio 2010\projects\rmoe_thesis_resources\mwareinterface\mwareinterface.cpp(493): warning C4018: '<' : signed/unsigned mismatch
     1>c:\users\paulos\documents\visual studio 2010\projects\rmoe_thesis_resources\mwareinterface\mwareinterface.cpp(503): warning C4018: '<' : signed/unsigned mismatch
     1>c:\users\paulos\documents\visual studio 2010\projects\rmoe_thesis_resources\mwareinterface\mwareinterface.cpp(569): warning C4996: 'strcat': This function or variable may be unsafe. Consider using strcat_s instead. To disable deprecation, use _CRT_SECURE_NO_WARNINGS. See online help for details.
                 c:\program files (x86)\microsoft visual studio 10.0\vc\include\string.h(110) : see declaration of 'strcat'
     1>c:\users\paulos\documents\visual studio 2010\projects\rmoe_thesis_resources\mwareinterface\mwareinterface.cpp(575): warning C4129: '[' : unrecognized character escape sequence
     1>c:\users\paulos\documents\visual studio 2010\projects\rmoe_thesis_resources\mwareinterface\mwareinterface.cpp(575): warning C4129: ']' : unrecognized character escape sequence
     1>c:\users\paulos\documents\visual studio 2010\projects\rmoe_thesis_resources\mwareinterface\mwareinterface.cpp(575): warning C4996: 'strtok': This function or variable may be unsafe. Consider using strtok_s instead. To disable deprecation, use _CRT_SECURE_NO_WARNINGS. See online help for details.
                 c:\program files (x86)\microsoft visual studio 10.0\vc\include\string.h(197) : see declaration of 'strtok'
     1>c:\users\paulos\documents\visual studio 2010\projects\rmoe_thesis_resources\mwareinterface\mwareinterface.cpp(582): warning C4129: '[' : unrecognized character escape sequence
     1>c:\users\paulos\documents\visual studio 2010\projects\rmoe_thesis_resources\mwareinterface\mwareinterface.cpp(582): warning C4129: ']' : unrecognized character escape sequence
     1>c:\users\paulos\documents\visual studio 2010\projects\rmoe_thesis_resources\mwareinterface\mwareinterface.cpp(582): warning C4996: 'strtok': This function or variable may be unsafe. Consider using strtok_s instead. To disable deprecation, use _CRT_SECURE_NO_WARNINGS. See online help for details.
                 c:\program files (x86)\microsoft visual studio 10.0\vc\include\string.h(197) : see declaration of 'strtok'
     1>c:\users\paulos\documents\visual studio 2010\projects\rmoe_thesis_resources\mwareinterface\mwareinterface.cpp(585): warning C4018: '<' : signed/unsigned mismatch
       ManifestResourceCompile:
         C:\Program Files (x86)\Microsoft SDKs\Windows\v7.0A\bin\rc.exe /nologo /fo"Debug\MwareInterface.dll.embed.manifest.res" Debug\MwareInterface_manifest.rc 
       Link:
         C:\Program Files (x86)\Microsoft Visual Studio 10.0\VC\bin\link.exe /ERRORREPORT:PROMPT /OUT:"C:\Users\paulos\Documents\Visual Studio 2010\Projects\RMOE_Thesis_Resources\MwareInterface\Debug\MwareInterface.dll" /INCREMENTAL /NOLOGO /LIBPATH:"C:\Program Files (x86)\OpenNI2\Lib\\" /LIBPATH:"C:\Program Files (x86)\PrimeSense\NiTE2\Lib\\" /LIBPATH:"D:\final year Project\Copmuter Vision 2nd Seminster\opencv\build\x86\vc10\lib" OpenNI2.lib NiTE2.lib opencv_calib3d243d.lib opencv_contrib243d.lib opencv_core243d.lib opencv_features2d243d.lib opencv_flann243d.lib opencv_gpu243d.lib opencv_haartraining_engined.lib opencv_highgui243d.lib opencv_imgproc243d.lib opencv_legacy243d.lib opencv_ml243d.lib opencv_nonfree243d.lib opencv_objdetect243d.lib opencv_photo243d.lib opencv_stitching243d.lib opencv_ts243d.lib opencv_video243d.lib opencv_videostab243d.lib OpenNI2.lib NiTE2.lib opencv_calib3d243d.lib opencv_contrib243d.lib opencv_core243d.lib opencv_features2d243d.lib opencv_flann243d.lib opencv_gpu243d.lib opencv_haartraining_engined.lib opencv_highgui243d.lib opencv_imgproc243d.lib opencv_legacy243d.lib opencv_ml243d.lib opencv_nonfree243d.lib opencv_objdetect243d.lib opencv_photo243d.lib opencv_stitching243d.lib opencv_ts243d.lib opencv_video243d.lib opencv_videostab243d.lib OpenNI2.lib NiTE2.lib kernel32.lib user32.lib gdi32.lib winspool.lib comdlg32.lib advapi32.lib shell32.lib ole32.lib oleaut32.lib uuid.lib odbc32.lib odbccp32.lib /MANIFEST /ManifestFile:"Debug\MwareInterface.dll.intermediate.manifest" /MANIFESTUAC:"level='asInvoker' uiAccess='false'" /DEBUG /PDB:"C:\Users\paulos\Documents\Visual Studio 2010\Projects\RMOE_Thesis_Resources\MwareInterface\Debug\MwareInterface.pdb" /SUBSYSTEM:WINDOWS /TLBID:1 /DYNAMICBASE /NXCOMPAT /IMPLIB:"C:\Users\paulos\Documents\Visual Studio 2010\Projects\RMOE_Thesis_Resources\MwareInterface\Debug\MwareInterface.lib" /MACHINE:X86 /DLL Debug\MwareInterface.dll.embed.manifest.res
         Debug\MwareInterface.obj
            Creating library C:\Users\paulos\Documents\Visual Studio 2010\Projects\RMOE_Thesis_Resources\MwareInterface\Debug\MwareInterface.lib and object C:\Users\paulos\Documents\Visual Studio 2010\Projects\RMOE_Thesis_Resources\MwareInterface\Debug\MwareInterface.exp
       Manifest:
         Deleting file "Debug\MwareInterface.dll.embed.manifest".
         C:\Program Files (x86)\Microsoft SDKs\Windows\v7.0A\bin\mt.exe /nologo /verbose /out:"Debug\MwareInterface.dll.embed.manifest" /manifest Debug\MwareInterface.dll.intermediate.manifest
         C:\Program Files (x86)\Microsoft SDKs\Windows\v7.0A\bin\rc.exe /nologo /fo"Debug\MwareInterface.dll.embed.manifest.res" Debug\MwareInterface_manifest.rc 
       LinkEmbedManifest:
         C:\Program Files (x86)\Microsoft Visual Studio 10.0\VC\bin\link.exe /ERRORREPORT:PROMPT /OUT:"C:\Users\paulos\Documents\Visual Studio 2010\Projects\RMOE_Thesis_Resources\MwareInterface\Debug\MwareInterface.dll" /INCREMENTAL /NOLOGO /LIBPATH:"C:\Program Files (x86)\OpenNI2\Lib\\" /LIBPATH:"C:\Program Files (x86)\PrimeSense\NiTE2\Lib\\" /LIBPATH:"D:\final year Project\Copmuter Vision 2nd Seminster\opencv\build\x86\vc10\lib" OpenNI2.lib NiTE2.lib opencv_calib3d243d.lib opencv_contrib243d.lib opencv_core243d.lib opencv_features2d243d.lib opencv_flann243d.lib opencv_gpu243d.lib opencv_haartraining_engined.lib opencv_highgui243d.lib opencv_imgproc243d.lib opencv_legacy243d.lib opencv_ml243d.lib opencv_nonfree243d.lib opencv_objdetect243d.lib opencv_photo243d.lib opencv_stitching243d.lib opencv_ts243d.lib opencv_video243d.lib opencv_videostab243d.lib OpenNI2.lib NiTE2.lib opencv_calib3d243d.lib opencv_contrib243d.lib opencv_core243d.lib opencv_features2d243d.lib opencv_flann243d.lib opencv_gpu243d.lib opencv_haartraining_engined.lib opencv_highgui243d.lib opencv_imgproc243d.lib opencv_legacy243d.lib opencv_ml243d.lib opencv_nonfree243d.lib opencv_objdetect243d.lib opencv_photo243d.lib opencv_stitching243d.lib opencv_ts243d.lib opencv_video243d.lib opencv_videostab243d.lib OpenNI2.lib NiTE2.lib kernel32.lib user32.lib gdi32.lib winspool.lib comdlg32.lib advapi32.lib shell32.lib ole32.lib oleaut32.lib uuid.lib odbc32.lib odbccp32.lib /MANIFEST /ManifestFile:"Debug\MwareInterface.dll.intermediate.manifest" /MANIFESTUAC:"level='asInvoker' uiAccess='false'" /DEBUG /PDB:"C:\Users\paulos\Documents\Visual Studio 2010\Projects\RMOE_Thesis_Resources\MwareInterface\Debug\MwareInterface.pdb" /SUBSYSTEM:WINDOWS /TLBID:1 /DYNAMICBASE /NXCOMPAT /IMPLIB:"C:\Users\paulos\Documents\Visual Studio 2010\Projects\RMOE_Thesis_Resources\MwareInterface\Debug\MwareInterface.lib" /MACHINE:X86 /DLL Debug\MwareInterface.dll.embed.manifest.res
         Debug\MwareInterface.obj
            Creating library C:\Users\paulos\Documents\Visual Studio 2010\Projects\RMOE_Thesis_Resources\MwareInterface\Debug\MwareInterface.lib and object C:\Users\paulos\Documents\Visual Studio 2010\Projects\RMOE_Thesis_Resources\MwareInterface\Debug\MwareInterface.exp
         MwareInterface.vcxproj -> C:\Users\paulos\Documents\Visual Studio 2010\Projects\RMOE_Thesis_Resources\MwareInterface\Debug\MwareInterface.dll
       FinalizeBuildStatus:
         Deleting file "Debug\MwareInterface.unsuccessfulbuild".
         Touching "Debug\MwareInterface.lastbuildstate".
     1>Done Building Project "C:\Users\paulos\Documents\Visual Studio 2010\Projects\RMOE_Thesis_Resources\MwareInterface\MwareInterface.vcxproj" (rebuild target(s)).

Build succeeded.

Time Elapsed 00:00:03.60
